Feb 8, 2013 1:16:30 PM org.neo4j.server.logging.Logger log
INFO: Store files missing, or not in suitable state for upgrade. Leaving this problem for main server process to resolve.
Feb 8, 2013 1:16:30 PM org.neo4j.server.logging.Logger log
INFO: Loaded neo4j tuning properties from conf/neo4j.properties
Feb 8, 2013 1:16:31 PM org.neo4j.server.logging.Logger log
INFO: Successfully started database
Feb 8, 2013 1:16:31 PM org.neo4j.server.logging.Logger log
INFO: Starting Neo Server on port [7474] with [20] threads available
Feb 8, 2013 1:16:31 PM org.neo4j.server.logging.Logger log
INFO: Enabling HTTPS on port [7473]
Feb 8, 2013 1:16:31 PM org.neo4j.server.logging.Logger log
INFO: No SSL certificate found, generating a self-signed certificate..
Feb 8, 2013 1:16:32 PM org.neo4j.server.logging.Logger log
INFO: Mounted discovery module at [/]
Feb 8, 2013 1:16:32 PM org.neo4j.server.logging.Logger log
INFO: Loaded server plugin "CypherPlugin"
Feb 8, 2013 1:16:32 PM org.neo4j.server.logging.Logger log
INFO: Loaded server plugin "GremlinPlugin"
Feb 8, 2013 1:16:32 PM org.neo4j.server.logging.Logger log
INFO: Mounted REST API at [/db/data/]
Feb 8, 2013 1:16:32 PM org.neo4j.server.logging.Logger log
INFO: Mounted management API at [/db/manage/]
Feb 8, 2013 1:16:32 PM org.neo4j.server.logging.Logger log
INFO: Mounted webadmin at [/webadmin]
Feb 8, 2013 1:16:32 PM org.neo4j.server.logging.Logger log
INFO: Mounting static content at [/webadmin] from [webadmin-html]
Feb 8, 2013 1:16:32 PM com.sun.jersey.api.core.PackagesResourceConfig init
INFO: Scanning for root resource and provider classes in the packages:
  org.neo4j.server.webadmin.rest
Feb 8, 2013 1:16:32 PM com.sun.jersey.api.core.ScanningResourceConfig logClasses
INFO: Root resource classes found:
  class org.neo4j.server.webadmin.rest.JmxService
  class org.neo4j.server.webadmin.rest.ConsoleService
  class org.neo4j.server.webadmin.rest.RootService
  class org.neo4j.server.webadmin.rest.MonitorService
Feb 8, 2013 1:16:32 PM com.sun.jersey.api.core.ScanningResourceConfig init
INFO: No provider classes found.
Feb 8, 2013 1:16:33 PM com.sun.jersey.server.impl.application.WebApplicationImpl _initiate
INFO: Initiating Jersey application, version 'Jersey: 1.9 09/02/2011 11:17 AM'
Feb 8, 2013 1:16:33 PM com.sun.jersey.api.core.PackagesResourceConfig init
INFO: Scanning for root resource and provider classes in the packages:
  org.neo4j.server.rest.web
Feb 8, 2013 1:16:33 PM com.sun.jersey.api.core.ScanningResourceConfig logClasses
INFO: Root resource classes found:
  class org.neo4j.server.rest.web.RestfulGraphDatabase
  class org.neo4j.server.rest.web.BatchOperationService
  class org.neo4j.server.rest.web.CypherService
  class org.neo4j.server.rest.web.DatabaseMetadataService
  class org.neo4j.server.rest.web.ExtensionService
  class org.neo4j.server.rest.web.ResourcesService
Feb 8, 2013 1:16:33 PM com.sun.jersey.api.core.ScanningResourceConfig init
INFO: No provider classes found.
Feb 8, 2013 1:16:33 PM com.sun.jersey.server.impl.application.WebApplicationImpl _initiate
INFO: Initiating Jersey application, version 'Jersey: 1.9 09/02/2011 11:17 AM'
Feb 8, 2013 1:16:33 PM com.sun.jersey.api.core.PackagesResourceConfig init
INFO: Scanning for root resource and provider classes in the packages:
  org.neo4j.server.rest.discovery
Feb 8, 2013 1:16:33 PM com.sun.jersey.api.core.ScanningResourceConfig logClasses
INFO: Root resource classes found:
  class org.neo4j.server.rest.discovery.DiscoveryService
Feb 8, 2013 1:16:33 PM com.sun.jersey.api.core.ScanningResourceConfig init
INFO: No provider classes found.
Feb 8, 2013 1:16:33 PM com.sun.jersey.server.impl.application.WebApplicationImpl _initiate
INFO: Initiating Jersey application, version 'Jersey: 1.9 09/02/2011 11:17 AM'
Feb 8, 2013 1:16:34 PM org.neo4j.server.logging.Logger log
INFO: Server started on [http://localhost:7474/]
